build/app/outputs/mapping/release/seeds.txt
com.example.flutter_dbase_mysql.MainActivity
com.example.flutter_dbase_mysql.MainActivity: MainActivity()
...
androidx.exifinterface.media.ExifInterface: void addDefaultValuesForCompatibility()
io.flutter.embedding.engine.systemchannels.PlatformChannel$SystemUiMode: io.flutter.embedding.engine.systemchannels.PlatformChannel$SystemUiMode valueOf(java.lang.String)
androidx.window.layout.SidecarCompat: androidx.window.layout.WindowLayoutInfo getWindowLayoutInfo(android.app.Activity)
androidx.profileinstaller.ProfileInstallerInitializer: ProfileInstallerInitializer()
androidx.window.layout.SidecarCompat: void setExtensionCallback(androidx.window.layout.ExtensionInterfaceCompat$ExtensionCallbackInterface)
io.flutter.embedding.android.KeyEmbedderResponder: boolean handleEventImpl(android.view.KeyEvent,io.flutter.embedding.android.KeyboardManager$Responder$OnKeyEventHandledCallback)
androidx.window.layout.SidecarCompat$DistinctSidecarElementCallback: void onWindowLayoutChanged(android.os.IBinder,androidx.window.sidecar.SidecarWindowLayoutInfo)
io.flutter.plugin.editing.TextInputPlugin: void onProvideAutofillVirtualStructure(android.view.ViewStructure,int)
kotlin.collections.ArrayDeque: void copyCollectionElements(int,java.util.Collection)
androidx.profileinstaller.ProfileVerifier$Api33Impl: android.content.pm.PackageInfo getPackageInfo(android.content.pm.PackageManager,android.content.Context)
io.flutter.embedding.engine.FlutterJNI: void dispatchSemanticsAction(int,io.flutter.view.AccessibilityBridge$Action)
androidx.window.core.Bounds: Bounds(int,int,int,int)
androidx.window.layout.WindowInfoTrackerImpl$Companion: WindowInfoTrackerImpl$Companion(kotlin.jvm.internal.DefaultConstructorMarker)
androidx.window.embedding.SplitInfo: java.lang.String toString()
io.flutter.embedding.engine.renderer.FlutterRenderer$DisplayFeatureState: io.flutter.embedding.engine.renderer.FlutterRenderer$DisplayFeatureState valueOf(java.lang.String)
io.flutter.embedding.android.FlutterSurfaceView: io.flutter.embedding.engine.renderer.FlutterRenderer getAttachedRenderer()
androidx.lifecycle.ReportFragment$LifecycleCallbacks: void onActivityPreDestroyed(android.app.Activity)
io.flutter.embedding.engine.FlutterJNI: boolean nativeGetIsSoftwareRenderingEnabled()
kotlin.coroutines.jvm.internal.BaseContinuationImpl: kotlin.coroutines.Continuation getCompletion()
io.flutter.embedding.engine.systemchannels.PlatformChannel$SystemUiOverlay: io.flutter.embedding.engine.systemchannels.PlatformChannel$SystemUiOverlay valueOf(java.lang.String)
androidx.profileinstaller.ProfileInstallerInitializer$Choreographer16Impl: void postFrameCallback(java.lang.Runnable)
io.flutter.embedding.engine.FlutterJNI: java.lang.String getObservatoryUri()
kotlinx.coroutines.channels.BufferOverflow: kotlinx.coroutines.channels.BufferOverflow valueOf(java.lang.String)
io.flutter.embedding.engine.FlutterJNI: io.flutter.view.FlutterCallbackInformation nativeLookupCallbackInformation(long)
kotlinx.coroutines.internal.ThreadSafeHeap: void siftUpFrom(int)
io.flutter.embedding.engine.systemchannels.PlatformChannel$ClipboardContentFormat: io.flutter.embedding.engine.systemchannels.PlatformChannel$ClipboardContentFormat valueOf(java.lang.String)
androidx.window.embedding.SplitController: void access$setStaticSplitRules(androidx.window.embedding.SplitController,java.util.Set)
androidx.window.embedding.SplitRule: float getSplitRatio()
kotlin.coroutines.jvm.internal.SuspendLambda: int getArity()
kotlin.jvm.internal.FunctionReferenceImpl: FunctionReferenceImpl(int,java.lang.Object,java.lang.Class,java.lang.String,java.lang.String,int)
androidx.window.embedding.ActivityRule: ActivityRule(java.util.Set,boolean)
kotlin.jvm.internal.CallableReference: kotlin.reflect.KDeclarationContainer getOwner()
androidx.window.layout.WindowInfoTrackerImpl$windowLayoutInfo$1: kotlin.coroutines.Continuation create(java.lang.Object,kotlin.coroutines.Continuation)
androidx.lifecycle.Lifecycle$State: androidx.lifecycle.Lifecycle$State valueOf(java.lang.String)
androidx.lifecycle.ViewModel: ViewModel()