build/app/outputs/mapping/release/mapping.txt
# compiler: R8
# compiler_version: 3.2.47
# min_api: 16
# common_typos_disable
# {"id":"com.android.tools.r8.mapping","version":"2.0"}
# pg_map_id: 45da7ab
# pg_map_hash: SHA-256 45da7ab924197325f2776164d920cec214138cd921217810a25f44e75ed23c2f
...
kotlinx.coroutines.channels.SendChannel -> c1.t:
    java.lang.Object trySend-JP2dKIU(java.lang.Object) -> a
kotlinx.coroutines.flow.AbstractFlow -> d1.a:
    java.lang.Object collect(kotlinx.coroutines.flow.FlowCollector,kotlin.coroutines.Continuation) -> a
    java.lang.Object collectSafely(kotlinx.coroutines.flow.FlowCollector,kotlin.coroutines.Continuation) -> b
kotlinx.coroutines.flow.AbstractFlow$collect$1 -> d1.a$a:
    java.lang.Object L$0 -> d
    java.lang.Object result -> e
    kotlinx.coroutines.flow.AbstractFlow this$0 -> f
    int label -> g
kotlinx.coroutines.flow.Flow -> d1.b:
    java.lang.Object collect(kotlinx.coroutines.flow.FlowCollector,kotlin.coroutines.Continuation) -> a
kotlinx.coroutines.flow.FlowCollector -> d1.c:
kotlinx.coroutines.flow.FlowKt -> d1.d:
    kotlinx.coroutines.flow.Flow flow(kotlin.jvm.functions.Function2) -> a
kotlinx.coroutines.flow.FlowKt__BuildersKt -> d1.e:
    kotlinx.coroutines.flow.Flow flow(kotlin.jvm.functions.Function2) -> a
kotlinx.coroutines.flow.MutableStateFlow -> d1.f:
kotlinx.coroutines.flow.SafeFlow -> d1.g:
    kotlin.jvm.functions.Function2 block -> d
    java.lang.Object collectSafely(kotlinx.coroutines.flow.FlowCollector,kotlin.coroutines.Continuation) -> b
kotlinx.coroutines.flow.internal.DownstreamExceptionContext -> e1.a:
    java.lang.Throwable e -> d
    kotlin.coroutines.CoroutineContext $$delegate_0 -> e
    kotlin.coroutines.CoroutineContext$Element get(kotlin.coroutines.CoroutineContext$Key) -> b
    kotlin.coroutines.CoroutineContext plus(kotlin.coroutines.CoroutineContext) -> o
    kotlin.coroutines.CoroutineContext minusKey(kotlin.coroutines.CoroutineContext$Key) -> w
    java.lang.Object fold(java.lang.Object,kotlin.jvm.functions.Function2) -> x
kotlinx.coroutines.flow.internal.NoOpContinuation -> e1.b:
    kotlinx.coroutines.flow.internal.NoOpContinuation INSTANCE -> d
    kotlin.coroutines.CoroutineContext context -> e
kotlinx.coroutines.flow.internal.SafeCollector -> e1.c:
    kotlin.coroutines.CoroutineContext lastEmissionContext -> g
    kotlin.coroutines.CoroutineContext collectContext -> e
    int collectContextSize -> f
    kotlinx.coroutines.flow.FlowCollector collector -> d
    kotlin.coroutines.Continuation completion -> h
    void checkContext(kotlin.coroutines.CoroutineContext,kotlin.coroutines.CoroutineContext,java.lang.Object) -> a
    java.lang.Object emit(kotlin.coroutines.Continuation,java.lang.Object) -> b
    void exceptionTransparencyViolated(kotlinx.coroutines.flow.internal.DownstreamExceptionContext,java.lang.Object) -> c
kotlinx.coroutines.flow.internal.SafeCollector$collectContextSize$1 -> e1.c$a:
    kotlinx.coroutines.flow.internal.SafeCollector$collectContextSize$1 INSTANCE -> d
    java.lang.Integer invoke(int,kotlin.coroutines.CoroutineContext$Element) -> a
kotlinx.coroutines.flow.internal.SafeCollectorKt -> e1.d:
    kotlin.jvm.functions.Function3 emitFun -> a
    kotlin.jvm.functions.Function3 access$getEmitFun$p() -> a
kotlinx.coroutines.flow.internal.SafeCollectorKt$emitFun$1 -> e1.d$a:
    kotlinx.coroutines.flow.internal.SafeCollectorKt$emitFun$1 INSTANCE -> d
    java.lang.Object invoke(kotlinx.coroutines.flow.FlowCollector,java.lang.Object,kotlin.coroutines.Continuation) -> b
    java.lang.Object invoke(java.lang.Object,java.lang.Object,java.lang.Object) -> f
kotlinx.coroutines.flow.internal.SafeCollector_commonKt -> e1.e:
    void checkContext(kotlinx.coroutines.flow.internal.SafeCollector,kotlin.coroutines.CoroutineContext) -> a
    kotlinx.coroutines.Job transitiveCoroutineParent(kotlinx.coroutines.Job,kotlinx.coroutines.Job) -> b
kotlinx.coroutines.flow.internal.SafeCollector_commonKt$checkContext$result$1 -> e1.e$a:
    kotlinx.coroutines.flow.internal.SafeCollector $this_checkContext -> d
    java.lang.Integer invoke(int,kotlin.coroutines.CoroutineContext$Element) -> a