build/app/outputs/mapping/release/usage.txt
com.example.flutter_dbase_mysql.BuildConfig
com.example.flutter_dbase_mysql.R$attr
com.example.flutter_dbase_mysql.R$color
com.example.flutter_dbase_mysql.R$dimen
com.example.flutter_dbase_mysql.R$drawable
com.example.flutter_dbase_mysql.R$id
com.example.flutter_dbase_mysql.R$integer
com.example.flutter_dbase_mysql.R$layout
com.example.flutter_dbase_mysql.R$mipmap
com.example.flutter_dbase_mysql.R$string
com.example.flutter_dbase_mysql.R$style
com.example.flutter_dbase_mysql.R$styleable
com.example.flutter_dbase_mysql.R$xml
com.example.flutter_dbase_mysql.R
...
androidx.core.util.SparseBooleanArrayKt$keyIterator$1
androidx.core.util.SparseBooleanArrayKt$valueIterator$1
androidx.core.util.SparseBooleanArrayKt
androidx.core.util.SparseIntArrayKt$keyIterator$1
androidx.core.util.SparseIntArrayKt$valueIterator$1
androidx.core.util.SparseIntArrayKt
androidx.core.util.SparseLongArrayKt$keyIterator$1
androidx.core.util.SparseLongArrayKt$valueIterator$1
androidx.core.util.SparseLongArrayKt
androidx.core.util.Supplier
androidx.core.util.TimeUtils
androidx.core.view.AccessibilityDelegateCompat$AccessibilityDelegateAdapter
androidx.core.view.AccessibilityDelegateCompat$Api16Impl
androidx.core.view.AccessibilityDelegateCompat
androidx.core.view.ActionProvider$SubUiVisibilityListener
androidx.core.view.ActionProvider$VisibilityListener
androidx.core.view.ActionProvider
androidx.core.view.Api16Impl
androidx.core.view.ContentInfoCompat$Api31Impl
androidx.core.view.ContentInfoCompat$Builder
androidx.core.view.ContentInfoCompat$BuilderCompat31Impl
androidx.core.view.ContentInfoCompat$BuilderCompat
androidx.core.view.ContentInfoCompat$BuilderCompatImpl
androidx.core.view.ContentInfoCompat$Compat31Impl
androidx.core.view.ContentInfoCompat$Compat
androidx.core.view.ContentInfoCompat$CompatImpl
androidx.core.view.ContentInfoCompat$Flags
androidx.core.view.ContentInfoCompat$Source
androidx.core.view.ContentInfoCompat
androidx.core.view.DisplayCompat$Api17Impl
androidx.core.view.DisplayCompat$Api23Impl
androidx.core.view.DisplayCompat$ModeCompat$Api23Impl
androidx.core.view.DisplayCompat$ModeCompat
androidx.core.view.DisplayCompat
androidx.core.view.DisplayCutoutCompat$Api28Impl
androidx.core.view.DisplayCutoutCompat$Api29Impl
androidx.core.view.DisplayCutoutCompat$Api30Impl
androidx.core.view.DisplayCutoutCompat
androidx.core.view.DragAndDropPermissionsCompat$Api24Impl
androidx.core.view.DragAndDropPermissionsCompat
androidx.core.view.DragStartHelper$OnDragStartListener
androidx.core.view.DragStartHelper
androidx.core.view.GestureDetectorCompat$GestureDetectorCompatImpl
androidx.core.view.GestureDetectorCompat$GestureDetectorCompatImplBase$GestureHandler
androidx.core.view.GestureDetectorCompat$GestureDetectorCompatImplBase
androidx.core.view.GestureDetectorCompat$GestureDetectorCompatImplJellybeanMr2
androidx.core.view.GestureDetectorCompat
androidx.core.view.GravityCompat$Api17Impl
androidx.core.view.GravityCompat
androidx.core.view.InputDeviceCompat
androidx.core.view.KeyEventDispatcher:
    private void <init>()
androidx.core.view.LayoutInflaterCompat$Factory2Wrapper
androidx.core.view.LayoutInflaterCompat
androidx.core.view.LayoutInflaterFactory
androidx.core.view.MarginLayoutParamsCompat$Api17Impl
androidx.core.view.MarginLayoutParamsCompat
androidx.core.view.MenuCompat$Api28Impl
androidx.core.view.MenuCompat
androidx.core.view.MenuHost
androidx.core.view.MenuHostHelper$LifecycleContainer
androidx.core.view.MenuHostHelper:
    public void addMenuProvider(androidx.core.view.MenuProvider)
    public void addMenuProvider(androidx.core.view.MenuProvider,androidx.lifecycle.LifecycleOwner)
    public void addMenuProvider(androidx.core.view.MenuProvider,androidx.lifecycle.LifecycleOwner,androidx.lifecycle.Lifecycle$State)
    private synthetic void lambda$addMenuProvider$0(androidx.core.view.MenuProvider,androidx.lifecycle.LifecycleOwner,androidx.lifecycle.Lifecycle$Event)
    private synthetic void lambda$addMenuProvider$1(androidx.lifecycle.Lifecycle$State,androidx.core.view.MenuProvider,androidx.lifecycle.LifecycleOwner,androidx.lifecycle.Lifecycle$Event)
    public void removeMenuProvider(androidx.core.view.MenuProvider)
androidx.core.view.MenuItemCompat$1
androidx.core.view.MenuItemCompat$Api26Impl
androidx.core.view.MenuItemCompat$OnActionExpandListener
androidx.core.view.MenuItemCompat
androidx.core.view.MenuKt$children$1
androidx.core.view.MenuKt$iterator$1
androidx.core.view.MenuKt
androidx.core.view.MotionEventCompat
androidx.core.view.NestedScrollingChild2